09-Jul-2023 16:26:03.669 警告 [main] org.apache.catalina.core.AprLifecycleListener.init 基于APR的本地库加载失败.错误报告为[H:\学习记录\学习记录Markdown\tomcat原理\apache-tomcat-8.5.79\bin\tcnative-1.dll: Can't load AMD 64-bit .dll on a IA 32-bit platform]
	java.lang.UnsatisfiedLinkError: H:\学习记录\学习记录Markdown\tomcat原理\apache-tomcat-8.5.79\bin\tcnative-1.dll: Can't load AMD 64-bit .dll on a IA 32-bit platform
		at java.lang.ClassLoader$NativeLibrary.load(Native Method)
		at java.lang.ClassLoader.loadLibrary1(ClassLoader.java:1965)
		at java.lang.ClassLoader.loadLibrary0(ClassLoader.java:1890)
		at java.lang.ClassLoader.loadLibrary(ClassLoader.java:1880)
		at java.lang.Runtime.loadLibrary0(Runtime.java:849)
		at java.lang.System.loadLibrary(System.java:1088)
		at org.apache.tomcat.jni.Library.<init>(Library.java:41)
		at org.apache.tomcat.jni.Library.initialize(Library.java:173)
		at org.apache.catalina.core.AprLifecycleListener.init(AprLifecycleListener.java:208)
		at org.apache.catalina.core.AprLifecycleListener.isAprAvailable(AprLifecycleListener.java:113)
		at org.apache.catalina.connector.Connector.setProtocol(Connector.java:673)
		at org.apache.catalina.connector.Connector.<init>(Connector.java:82)
		at org.apache.catalina.startup.ConnectorCreateRule.begin(ConnectorCreateRule.java:62)
		at org.apache.tomcat.util.digester.Digester.startElement(Digester.java:1235)
		at com.sun.org.apache.xerces.internal.parsers.AbstractSAXParser.startElement(AbstractSAXParser.java:509)
		at com.sun.org.apache.xerces.internal.parsers.AbstractXMLDocumentParser.emptyElement(AbstractXMLDocumentParser.java:182)
		at com.sun.org.apache.xerces.internal.impl.XMLDocumentFragmentScannerImpl.scanStartElement(XMLDocumentFragmentScannerImpl.java:1350)
		at com.sun.org.apache.xerces.internal.impl.XMLDocumentFragmentScannerImpl$FragmentContentDriver.next(XMLDocumentFragmentScannerImpl.java:2778)
		at com.sun.org.apache.xerces.internal.impl.XMLDocumentScannerImpl.next(XMLDocumentScannerImpl.java:606)
		at com.sun.org.apache.xerces.internal.impl.XMLDocumentFragmentScannerImpl.scanDocument(XMLDocumentFragmentScannerImpl.java:510)
		at com.sun.org.apache.xerces.internal.parsers.XML11Configuration.parse(XML11Configuration.java:848)
		at com.sun.org.apache.xerces.internal.parsers.XML11Configuration.parse(XML11Configuration.java:777)
		at com.sun.org.apache.xerces.internal.parsers.XMLParser.parse(XMLParser.java:141)
		at com.sun.org.apache.xerces.internal.parsers.AbstractSAXParser.parse(AbstractSAXParser.java:1213)
		at com.sun.org.apache.xerces.internal.jaxp.SAXParserImpl$JAXPSAXParser.parse(SAXParserImpl.java:649)
		at org.apache.tomcat.util.digester.Digester.parse(Digester.java:1496)
		at org.apache.catalina.startup.Catalina.load(Catalina.java:618)
		at org.apache.catalina.startup.Catalina.load(Catalina.java:669)
		at sun.reflect.NativeMethodAccessorImpl.invoke0(Native Method)
		at sun.reflect.NativeMethodAccessorImpl.invoke(NativeMethodAccessorImpl.java:57)
		at sun.reflect.DelegatingMethodAccessorImpl.invoke(DelegatingMethodAccessorImpl.java:43)
		at java.lang.reflect.Method.invoke(Method.java:606)
		at org.apache.catalina.startup.Bootstrap.load(Bootstrap.java:305)
		at org.apache.catalina.startup.Bootstrap.main(Bootstrap.java:475)
09-Jul-2023 16:26:03.920 信息 [main] org.apache.catalina.startup.VersionLoggerListener.log Server.服务器版本: Apache Tomcat/8.5.79
09-Jul-2023 16:26:03.920 信息 [main] org.apache.catalina.startup.VersionLoggerListener.log 服务器构建:        May 16 2022 15:36:23 UTC
09-Jul-2023 16:26:03.920 信息 [main] org.apache.catalina.startup.VersionLoggerListener.log 服务器版本号:      8.5.79.0
09-Jul-2023 16:26:03.925 信息 [main] org.apache.catalina.startup.VersionLoggerListener.log 操作系统名称:      Windows 8
09-Jul-2023 16:26:03.925 信息 [main] org.apache.catalina.startup.VersionLoggerListener.log OS.版本:           6.2
09-Jul-2023 16:26:03.925 信息 [main] org.apache.catalina.startup.VersionLoggerListener.log 架构:              x86
09-Jul-2023 16:26:03.925 信息 [main] org.apache.catalina.startup.VersionLoggerListener.log Java 环境变量:     D:\jdk_1_7\jre
09-Jul-2023 16:26:03.925 信息 [main] org.apache.catalina.startup.VersionLoggerListener.log Java虚拟机版本:    1.7.0_45-b18
09-Jul-2023 16:26:03.925 信息 [main] org.apache.catalina.startup.VersionLoggerListener.log JVM.供应商:        Oracle Corporation
09-Jul-2023 16:26:03.925 信息 [main] org.apache.catalina.startup.VersionLoggerListener.log CATALINA_BASE:     H:\学习记录\学习记录Markdown\tomcat原理\apache-tomcat-8.5.79
09-Jul-2023 16:26:03.925 信息 [main] org.apache.catalina.startup.VersionLoggerListener.log CATALINA_HOME:     H:\学习记录\学习记录Markdown\tomcat原理\apache-tomcat-8.5.79
09-Jul-2023 16:26:03.925 信息 [main] org.apache.catalina.startup.VersionLoggerListener.log 命令行参数：       -Djava.util.logging.config.file=H:\学习记录\学习记录Markdown\tomcat原理\apache-tomcat-8.5.79\conf\logging.properties
09-Jul-2023 16:26:03.925 信息 [main] org.apache.catalina.startup.VersionLoggerListener.log 命令行参数：       -Djava.util.logging.manager=org.apache.juli.ClassLoaderLogManager
09-Jul-2023 16:26:03.925 信息 [main] org.apache.catalina.startup.VersionLoggerListener.log 命令行参数：       -Djdk.tls.ephemeralDHKeySize=2048
09-Jul-2023 16:26:03.925 信息 [main] org.apache.catalina.startup.VersionLoggerListener.log 命令行参数：       -Djava.protocol.handler.pkgs=org.apache.catalina.webresources
09-Jul-2023 16:26:03.925 信息 [main] org.apache.catalina.startup.VersionLoggerListener.log 命令行参数：       -Dignore.endorsed.dirs=
09-Jul-2023 16:26:03.925 信息 [main] org.apache.catalina.startup.VersionLoggerListener.log 命令行参数：       -Dcatalina.base=H:\学习记录\学习记录Markdown\tomcat原理\apache-tomcat-8.5.79
09-Jul-2023 16:26:03.925 信息 [main] org.apache.catalina.startup.VersionLoggerListener.log 命令行参数：       -Dcatalina.home=H:\学习记录\学习记录Markdown\tomcat原理\apache-tomcat-8.5.79
09-Jul-2023 16:26:03.925 信息 [main] org.apache.catalina.startup.VersionLoggerListener.log 命令行参数：       -Djava.io.tmpdir=H:\学习记录\学习记录Markdown\tomcat原理\apache-tomcat-8.5.79\temp
09-Jul-2023 16:26:04.060 信息 [main] org.apache.coyote.AbstractProtocol.init 初始化协议处理器 ["http-nio-8080"]
09-Jul-2023 16:26:04.090 信息 [main] org.apache.catalina.startup.Catalina.load Initialization processed in 782 ms
09-Jul-2023 16:26:04.140 信息 [main] org.apache.catalina.core.StandardService.startInternal 正在启动服务[Catalina]
09-Jul-2023 16:26:04.140 信息 [main] org.apache.catalina.core.StandardEngine.startInternal 正在启动 Servlet 引擎：[Apache Tomcat/8.5.79]
09-Jul-2023 16:26:04.190 信息 [localhost-startStop-1] org.apache.catalina.startup.HostConfig.deployDirectory 把web 应用程序部署到目录 [H:\学习记录\学习记录Markdown\tomcat原理\apache-tomcat-8.5.79\webapps\docs]
09-Jul-2023 16:26:04.571 信息 [localhost-startStop-1] org.apache.catalina.startup.HostConfig.deployDirectory Web应用程序目录[H:\学习记录\学习记录Markdown\tomcat原理\apache-tomcat-8.5.79\webapps\docs]的部署已在[376]毫秒内完成
09-Jul-2023 16:26:04.571 信息 [localhost-startStop-1] org.apache.catalina.startup.HostConfig.deployDirectory 把web 应用程序部署到目录 [H:\学习记录\学习记录Markdown\tomcat原理\apache-tomcat-8.5.79\webapps\examples]
09-Jul-2023 16:26:05.295 信息 [localhost-startStop-1] org.apache.catalina.startup.HostConfig.deployDirectory Web应用程序目录[H:\学习记录\学习记录Markdown\tomcat原理\apache-tomcat-8.5.79\webapps\examples]的部署已在[724]毫秒内完成
09-Jul-2023 16:26:05.295 信息 [localhost-startStop-1] org.apache.catalina.startup.HostConfig.deployDirectory 把web 应用程序部署到目录 [H:\学习记录\学习记录Markdown\tomcat原理\apache-tomcat-8.5.79\webapps\host-manager]
09-Jul-2023 16:26:05.320 信息 [localhost-startStop-1] org.apache.catalina.startup.HostConfig.deployDirectory Web应用程序目录[H:\学习记录\学习记录Markdown\tomcat原理\apache-tomcat-8.5.79\webapps\host-manager]的部署已在[25]毫秒内完成
09-Jul-2023 16:26:05.320 信息 [localhost-startStop-1] org.apache.catalina.startup.HostConfig.deployDirectory 把web 应用程序部署到目录 [H:\学习记录\学习记录Markdown\tomcat原理\apache-tomcat-8.5.79\webapps\manager]
09-Jul-2023 16:26:05.345 信息 [localhost-startStop-1] org.apache.catalina.startup.HostConfig.deployDirectory Web应用程序目录[H:\学习记录\学习记录Markdown\tomcat原理\apache-tomcat-8.5.79\webapps\manager]的部署已在[25]毫秒内完成
09-Jul-2023 16:26:05.345 信息 [localhost-startStop-1] org.apache.catalina.startup.HostConfig.deployDirectory 把web 应用程序部署到目录 [H:\学习记录\学习记录Markdown\tomcat原理\apache-tomcat-8.5.79\webapps\ROOT]
09-Jul-2023 16:26:05.360 信息 [localhost-startStop-1] org.apache.catalina.startup.HostConfig.deployDirectory Web应用程序目录[H:\学习记录\学习记录Markdown\tomcat原理\apache-tomcat-8.5.79\webapps\ROOT]的部署已在[15]毫秒内完成
09-Jul-2023 16:26:05.360 信息 [localhost-startStop-1] org.apache.catalina.startup.HostConfig.deployDirectory 把web 应用程序部署到目录 [H:\学习记录\学习记录Markdown\tomcat原理\apache-tomcat-8.5.79\webapps\samples_web_war]
09-Jul-2023 16:26:05.803 信息 [localhost-startStop-1] org.apache.jasper.servlet.TldScanner.scanJars 至少有一个JAR被扫描用于TLD但尚未包含TLD。 为此记录器启用调试日志记录，以获取已扫描但未在其中找到TLD的完整JAR列表。 在扫描期间跳过不需要的JAR可以缩短启动时间和JSP编译时间。
09-Jul-2023 16:26:06.198 信息 [localhost-startStop-1] org.apache.catalina.startup.HostConfig.deployDirectory Web应用程序目录[H:\学习记录\学习记录Markdown\tomcat原理\apache-tomcat-8.5.79\webapps\samples_web_war]的部署已在[838]毫秒内完成
09-Jul-2023 16:26:06.198 信息 [localhost-startStop-1] org.apache.catalina.startup.HostConfig.deployDirectory 把web 应用程序部署到目录 [H:\学习记录\学习记录Markdown\tomcat原理\apache-tomcat-8.5.79\webapps\shell]
09-Jul-2023 16:26:06.213 信息 [localhost-startStop-1] org.apache.catalina.startup.HostConfig.deployDirectory Web应用程序目录[H:\学习记录\学习记录Markdown\tomcat原理\apache-tomcat-8.5.79\webapps\shell]的部署已在[15]毫秒内完成
09-Jul-2023 16:26:06.218 信息 [main] org.apache.coyote.AbstractProtocol.start 开始协议处理句柄["http-nio-8080"]
09-Jul-2023 16:26:06.258 信息 [main] org.apache.catalina.startup.Catalina.start Server startup in 2162 ms
09-Jul-2023 16:28:18.757 信息 [http-nio-8080-exec-5] org.apache.catalina.startup.HostConfig.undeploy 正在取消部署上下文[/shell]
09-Jul-2023 16:28:31.520 信息 [http-nio-8080-exec-2] org.apache.catalina.startup.HostConfig.deployWAR 正在部署web应用程序存档文件[H:\学习记录\学习记录Markdown\tomcat原理\apache-tomcat-8.5.79\webapps\shell.war]
09-Jul-2023 16:28:31.655 信息 [http-nio-8080-exec-2] org.apache.catalina.startup.HostConfig.deployWAR web应用程序存档文件[H:\学习记录\学习记录Markdown\tomcat原理\apache-tomcat-8.5.79\webapps\shell.war]的部署已在[135]ms内完成
09-Jul-2023 16:30:30.728 信息 [Thread-3] org.apache.coyote.AbstractProtocol.pause 暂停ProtocolHandler["http-nio-8080"]
09-Jul-2023 16:30:31.117 信息 [Thread-3] org.apache.catalina.core.StandardService.stopInternal 正在停止服务[Catalina]
09-Jul-2023 16:30:31.164 信息 [Thread-3] org.apache.coyote.AbstractProtocol.stop 正在停止ProtocolHandler ["http-nio-8080"]
09-Jul-2023 16:30:31.169 信息 [Thread-3] org.apache.coyote.AbstractProtocol.destroy 正在摧毁协议处理器 ["http-nio-8080"]
