12-Jan-2024 17:28:18.120 信息 [main] org.apache.catalina.startup.VersionLoggerListener.log Server.服务器版本: Apache Tomcat/8.5.79
12-Jan-2024 17:28:18.120 信息 [main] org.apache.catalina.startup.VersionLoggerListener.log 服务器构建:        May 16 2022 15:36:23 UTC
12-Jan-2024 17:28:18.135 信息 [main] org.apache.catalina.startup.VersionLoggerListener.log 服务器版本号:      8.5.79.0
12-Jan-2024 17:28:18.135 信息 [main] org.apache.catalina.startup.VersionLoggerListener.log 操作系统名称:      Windows 10
12-Jan-2024 17:28:18.135 信息 [main] org.apache.catalina.startup.VersionLoggerListener.log OS.版本:           10.0
12-Jan-2024 17:28:18.136 信息 [main] org.apache.catalina.startup.VersionLoggerListener.log 架构:              amd64
12-Jan-2024 17:28:18.136 信息 [main] org.apache.catalina.startup.VersionLoggerListener.log Java 环境变量:     D:\jdk8u65\jre
12-Jan-2024 17:28:18.136 信息 [main] org.apache.catalina.startup.VersionLoggerListener.log Java虚拟机版本:    1.8.0_65-b17
12-Jan-2024 17:28:18.136 信息 [main] org.apache.catalina.startup.VersionLoggerListener.log JVM.供应商:        Oracle Corporation
12-Jan-2024 17:28:18.136 信息 [main] org.apache.catalina.startup.VersionLoggerListener.log CATALINA_BASE:     H:\学习记录\学习记录Markdown\tomcat原理\apache-tomcat-8.5.79
12-Jan-2024 17:28:18.136 信息 [main] org.apache.catalina.startup.VersionLoggerListener.log CATALINA_HOME:     H:\学习记录\学习记录Markdown\tomcat原理\apache-tomcat-8.5.79
12-Jan-2024 17:28:18.136 信息 [main] org.apache.catalina.startup.VersionLoggerListener.log 命令行参数：       -Djava.util.logging.config.file=H:\学习记录\学习记录Markdown\tomcat原理\apache-tomcat-8.5.79\conf\logging.properties
12-Jan-2024 17:28:18.136 信息 [main] org.apache.catalina.startup.VersionLoggerListener.log 命令行参数：       -Djava.util.logging.manager=org.apache.juli.ClassLoaderLogManager
12-Jan-2024 17:28:18.136 信息 [main] org.apache.catalina.startup.VersionLoggerListener.log 命令行参数：       -Djdk.tls.ephemeralDHKeySize=2048
12-Jan-2024 17:28:18.136 信息 [main] org.apache.catalina.startup.VersionLoggerListener.log 命令行参数：       -Djava.protocol.handler.pkgs=org.apache.catalina.webresources
12-Jan-2024 17:28:18.136 信息 [main] org.apache.catalina.startup.VersionLoggerListener.log 命令行参数：       -Dignore.endorsed.dirs=
12-Jan-2024 17:28:18.136 信息 [main] org.apache.catalina.startup.VersionLoggerListener.log 命令行参数：       -Dcatalina.base=H:\学习记录\学习记录Markdown\tomcat原理\apache-tomcat-8.5.79
12-Jan-2024 17:28:18.136 信息 [main] org.apache.catalina.startup.VersionLoggerListener.log 命令行参数：       -Dcatalina.home=H:\学习记录\学习记录Markdown\tomcat原理\apache-tomcat-8.5.79
12-Jan-2024 17:28:18.136 信息 [main] org.apache.catalina.startup.VersionLoggerListener.log 命令行参数：       -Djava.io.tmpdir=H:\学习记录\学习记录Markdown\tomcat原理\apache-tomcat-8.5.79\temp
12-Jan-2024 17:28:18.136 信息 [main] org.apache.catalina.core.AprLifecycleListener.lifecycleEvent 使用APR版本[1.7.0]加载了基于APR的Apache Tomcat本机库[1.2.33]。
12-Jan-2024 17:28:18.136 信息 [main] org.apache.catalina.core.AprLifecycleListener.lifecycleEvent APR功能：IPv6[true]、sendfile[true]、accept filters[false]、random[true]、UDS [{4}]。
12-Jan-2024 17:28:18.136 信息 [main] org.apache.catalina.core.AprLifecycleListener.lifecycleEvent APR/OpenSSL配置：useAprConnector[false]，useOpenSSL[true]
12-Jan-2024 17:28:18.214 信息 [main] org.apache.catalina.core.AprLifecycleListener.initializeSSL OpenSSL成功初始化 [OpenSSL 1.1.1o  3 May 2022]
12-Jan-2024 17:28:18.433 信息 [main] org.apache.coyote.AbstractProtocol.init 初始化协议处理器 ["http-nio-8080"]
12-Jan-2024 17:28:18.464 严重 [main] org.apache.catalina.core.StandardService.initInternal Failed to initialize connector [Connector[HTTP/1.1-8080]]
	org.apache.catalina.LifecycleException: 协议处理程序初始化失败
		at org.apache.catalina.connector.Connector.initInternal(Connector.java:1114)
		at org.apache.catalina.util.LifecycleBase.init(LifecycleBase.java:136)
		at org.apache.catalina.core.StandardService.initInternal(StandardService.java:571)
		at org.apache.catalina.util.LifecycleBase.init(LifecycleBase.java:136)
		at org.apache.catalina.core.StandardServer.initInternal(StandardServer.java:874)
		at org.apache.catalina.util.LifecycleBase.init(LifecycleBase.java:136)
		at org.apache.catalina.startup.Catalina.load(Catalina.java:646)
		at org.apache.catalina.startup.Catalina.load(Catalina.java:669)
		at sun.reflect.NativeMethodAccessorImpl.invoke0(Native Method)
		at sun.reflect.NativeMethodAccessorImpl.invoke(NativeMethodAccessorImpl.java:62)
		at sun.reflect.DelegatingMethodAccessorImpl.invoke(DelegatingMethodAccessorImpl.java:43)
		at java.lang.reflect.Method.invoke(Method.java:497)
		at org.apache.catalina.startup.Bootstrap.load(Bootstrap.java:305)
		at org.apache.catalina.startup.Bootstrap.main(Bootstrap.java:475)
	Caused by: java.net.BindException: Address already in use: bind
		at sun.nio.ch.Net.bind0(Native Method)
		at sun.nio.ch.Net.bind(Net.java:433)
		at sun.nio.ch.Net.bind(Net.java:425)
		at sun.nio.ch.ServerSocketChannelImpl.bind(ServerSocketChannelImpl.java:223)
		at sun.nio.ch.ServerSocketAdaptor.bind(ServerSocketAdaptor.java:74)
		at org.apache.tomcat.util.net.NioEndpoint.initServerSocket(NioEndpoint.java:224)
		at org.apache.tomcat.util.net.NioEndpoint.bind(NioEndpoint.java:200)
		at org.apache.tomcat.util.net.AbstractEndpoint.bindWithCleanup(AbstractEndpoint.java:1221)
		at org.apache.tomcat.util.net.AbstractEndpoint.init(AbstractEndpoint.java:1234)
		at org.apache.tomcat.util.net.AbstractJsseEndpoint.init(AbstractJsseEndpoint.java:230)
		at org.apache.coyote.AbstractProtocol.init(AbstractProtocol.java:633)
		at org.apache.coyote.http11.AbstractHttp11Protocol.init(AbstractHttp11Protocol.java:80)
		at org.apache.catalina.connector.Connector.initInternal(Connector.java:1111)
		... 13 more
12-Jan-2024 17:28:18.464 信息 [main] org.apache.catalina.startup.Catalina.load Initialization processed in 927 ms
12-Jan-2024 17:28:18.526 信息 [main] org.apache.catalina.core.StandardService.startInternal 正在启动服务[Catalina]
12-Jan-2024 17:28:18.526 信息 [main] org.apache.catalina.core.StandardEngine.startInternal 正在启动 Servlet 引擎：[Apache Tomcat/8.5.79]
12-Jan-2024 17:28:18.604 信息 [localhost-startStop-1] org.apache.catalina.startup.HostConfig.deployWAR 正在部署web应用程序存档文件[H:\学习记录\学习记录Markdown\tomcat原理\apache-tomcat-8.5.79\webapps\shell.war]
12-Jan-2024 17:28:19.667 警告 [localhost-startStop-1] org.apache.catalina.util.SessionIdGeneratorBase.createSecureRandom 使用[SHA1PRNG]创建会话ID生成的SecureRandom实例花费了[844]毫秒。
12-Jan-2024 17:28:19.730 信息 [localhost-startStop-1] org.apache.catalina.startup.HostConfig.deployWAR web应用程序存档文件[H:\学习记录\学习记录Markdown\tomcat原理\apache-tomcat-8.5.79\webapps\shell.war]的部署已在[1,126]ms内完成
12-Jan-2024 17:28:19.730 信息 [localhost-startStop-1] org.apache.catalina.startup.HostConfig.deployDirectory 把web 应用程序部署到目录 [H:\学习记录\学习记录Markdown\tomcat原理\apache-tomcat-8.5.79\webapps\docs]
12-Jan-2024 17:28:19.793 信息 [localhost-startStop-1] org.apache.catalina.startup.HostConfig.deployDirectory Web应用程序目录[H:\学习记录\学习记录Markdown\tomcat原理\apache-tomcat-8.5.79\webapps\docs]的部署已在[63]毫秒内完成
12-Jan-2024 17:28:19.793 信息 [localhost-startStop-1] org.apache.catalina.startup.HostConfig.deployDirectory 把web 应用程序部署到目录 [H:\学习记录\学习记录Markdown\tomcat原理\apache-tomcat-8.5.79\webapps\examples]
12-Jan-2024 17:28:20.372 信息 [localhost-startStop-1] org.apache.catalina.startup.HostConfig.deployDirectory Web应用程序目录[H:\学习记录\学习记录Markdown\tomcat原理\apache-tomcat-8.5.79\webapps\examples]的部署已在[579]毫秒内完成
12-Jan-2024 17:28:20.372 信息 [localhost-startStop-1] org.apache.catalina.startup.HostConfig.deployDirectory 把web 应用程序部署到目录 [H:\学习记录\学习记录Markdown\tomcat原理\apache-tomcat-8.5.79\webapps\host-manager]
12-Jan-2024 17:28:20.387 信息 [localhost-startStop-1] org.apache.catalina.startup.HostConfig.deployDirectory Web应用程序目录[H:\学习记录\学习记录Markdown\tomcat原理\apache-tomcat-8.5.79\webapps\host-manager]的部署已在[15]毫秒内完成
12-Jan-2024 17:28:20.387 信息 [localhost-startStop-1] org.apache.catalina.startup.HostConfig.deployDirectory 把web 应用程序部署到目录 [H:\学习记录\学习记录Markdown\tomcat原理\apache-tomcat-8.5.79\webapps\manager]
12-Jan-2024 17:28:20.439 信息 [localhost-startStop-1] org.apache.catalina.startup.HostConfig.deployDirectory Web应用程序目录[H:\学习记录\学习记录Markdown\tomcat原理\apache-tomcat-8.5.79\webapps\manager]的部署已在[52]毫秒内完成
12-Jan-2024 17:28:20.439 信息 [localhost-startStop-1] org.apache.catalina.startup.HostConfig.deployDirectory 把web 应用程序部署到目录 [H:\学习记录\学习记录Markdown\tomcat原理\apache-tomcat-8.5.79\webapps\ROOT]
12-Jan-2024 17:28:20.450 信息 [localhost-startStop-1] org.apache.catalina.startup.HostConfig.deployDirectory Web应用程序目录[H:\学习记录\学习记录Markdown\tomcat原理\apache-tomcat-8.5.79\webapps\ROOT]的部署已在[11]毫秒内完成
12-Jan-2024 17:28:20.450 信息 [localhost-startStop-1] org.apache.catalina.startup.HostConfig.deployDirectory 把web 应用程序部署到目录 [H:\学习记录\学习记录Markdown\tomcat原理\apache-tomcat-8.5.79\webapps\samples_web_war]
12-Jan-2024 17:28:20.872 信息 [localhost-startStop-1] org.apache.jasper.servlet.TldScanner.scanJars 至少有一个JAR被扫描用于TLD但尚未包含TLD。 为此记录器启用调试日志记录，以获取已扫描但未在其中找到TLD的完整JAR列表。 在扫描期间跳过不需要的JAR可以缩短启动时间和JSP编译时间。
12-Jan-2024 17:28:21.279 信息 [localhost-startStop-1] org.apache.catalina.startup.HostConfig.deployDirectory Web应用程序目录[H:\学习记录\学习记录Markdown\tomcat原理\apache-tomcat-8.5.79\webapps\samples_web_war]的部署已在[829]毫秒内完成
12-Jan-2024 17:28:21.279 信息 [main] org.apache.catalina.startup.Catalina.start Server startup in 2815 ms
12-Jan-2024 17:29:14.949 信息 [main] org.apache.catalina.startup.VersionLoggerListener.log Server.服务器版本: Apache Tomcat/8.5.79
12-Jan-2024 17:29:14.949 信息 [main] org.apache.catalina.startup.VersionLoggerListener.log 服务器构建:        May 16 2022 15:36:23 UTC
12-Jan-2024 17:29:14.964 信息 [main] org.apache.catalina.startup.VersionLoggerListener.log 服务器版本号:      8.5.79.0
12-Jan-2024 17:29:14.964 信息 [main] org.apache.catalina.startup.VersionLoggerListener.log 操作系统名称:      Windows 10
12-Jan-2024 17:29:14.964 信息 [main] org.apache.catalina.startup.VersionLoggerListener.log OS.版本:           10.0
12-Jan-2024 17:29:14.964 信息 [main] org.apache.catalina.startup.VersionLoggerListener.log 架构:              amd64
12-Jan-2024 17:29:14.964 信息 [main] org.apache.catalina.startup.VersionLoggerListener.log Java 环境变量:     D:\jdk8u65\jre
12-Jan-2024 17:29:14.964 信息 [main] org.apache.catalina.startup.VersionLoggerListener.log Java虚拟机版本:    1.8.0_65-b17
12-Jan-2024 17:29:14.964 信息 [main] org.apache.catalina.startup.VersionLoggerListener.log JVM.供应商:        Oracle Corporation
12-Jan-2024 17:29:14.964 信息 [main] org.apache.catalina.startup.VersionLoggerListener.log CATALINA_BASE:     H:\学习记录\学习记录Markdown\tomcat原理\apache-tomcat-8.5.79
12-Jan-2024 17:29:14.964 信息 [main] org.apache.catalina.startup.VersionLoggerListener.log CATALINA_HOME:     H:\学习记录\学习记录Markdown\tomcat原理\apache-tomcat-8.5.79
12-Jan-2024 17:29:14.964 信息 [main] org.apache.catalina.startup.VersionLoggerListener.log 命令行参数：       -Djava.util.logging.config.file=H:\学习记录\学习记录Markdown\tomcat原理\apache-tomcat-8.5.79\conf\logging.properties
12-Jan-2024 17:29:14.964 信息 [main] org.apache.catalina.startup.VersionLoggerListener.log 命令行参数：       -Djava.util.logging.manager=org.apache.juli.ClassLoaderLogManager
12-Jan-2024 17:29:14.964 信息 [main] org.apache.catalina.startup.VersionLoggerListener.log 命令行参数：       -Djdk.tls.ephemeralDHKeySize=2048
12-Jan-2024 17:29:14.964 信息 [main] org.apache.catalina.startup.VersionLoggerListener.log 命令行参数：       -Djava.protocol.handler.pkgs=org.apache.catalina.webresources
12-Jan-2024 17:29:14.964 信息 [main] org.apache.catalina.startup.VersionLoggerListener.log 命令行参数：       -Dignore.endorsed.dirs=
12-Jan-2024 17:29:14.964 信息 [main] org.apache.catalina.startup.VersionLoggerListener.log 命令行参数：       -Dcatalina.base=H:\学习记录\学习记录Markdown\tomcat原理\apache-tomcat-8.5.79
12-Jan-2024 17:29:14.964 信息 [main] org.apache.catalina.startup.VersionLoggerListener.log 命令行参数：       -Dcatalina.home=H:\学习记录\学习记录Markdown\tomcat原理\apache-tomcat-8.5.79
12-Jan-2024 17:29:14.964 信息 [main] org.apache.catalina.startup.VersionLoggerListener.log 命令行参数：       -Djava.io.tmpdir=H:\学习记录\学习记录Markdown\tomcat原理\apache-tomcat-8.5.79\temp
12-Jan-2024 17:29:14.964 信息 [main] org.apache.catalina.core.AprLifecycleListener.lifecycleEvent 使用APR版本[1.7.0]加载了基于APR的Apache Tomcat本机库[1.2.33]。
12-Jan-2024 17:29:14.964 信息 [main] org.apache.catalina.core.AprLifecycleListener.lifecycleEvent APR功能：IPv6[true]、sendfile[true]、accept filters[false]、random[true]、UDS [{4}]。
12-Jan-2024 17:29:14.964 信息 [main] org.apache.catalina.core.AprLifecycleListener.lifecycleEvent APR/OpenSSL配置：useAprConnector[false]，useOpenSSL[true]
12-Jan-2024 17:29:14.964 信息 [main] org.apache.catalina.core.AprLifecycleListener.initializeSSL OpenSSL成功初始化 [OpenSSL 1.1.1o  3 May 2022]
12-Jan-2024 17:29:15.058 信息 [main] org.apache.coyote.AbstractProtocol.init 初始化协议处理器 ["http-nio-8080"]
12-Jan-2024 17:29:15.058 严重 [main] org.apache.catalina.core.StandardService.initInternal Failed to initialize connector [Connector[HTTP/1.1-8080]]
	org.apache.catalina.LifecycleException: 协议处理程序初始化失败
		at org.apache.catalina.connector.Connector.initInternal(Connector.java:1114)
		at org.apache.catalina.util.LifecycleBase.init(LifecycleBase.java:136)
		at org.apache.catalina.core.StandardService.initInternal(StandardService.java:571)
		at org.apache.catalina.util.LifecycleBase.init(LifecycleBase.java:136)
		at org.apache.catalina.core.StandardServer.initInternal(StandardServer.java:874)
		at org.apache.catalina.util.LifecycleBase.init(LifecycleBase.java:136)
		at org.apache.catalina.startup.Catalina.load(Catalina.java:646)
		at org.apache.catalina.startup.Catalina.load(Catalina.java:669)
		at sun.reflect.NativeMethodAccessorImpl.invoke0(Native Method)
		at sun.reflect.NativeMethodAccessorImpl.invoke(NativeMethodAccessorImpl.java:62)
		at sun.reflect.DelegatingMethodAccessorImpl.invoke(DelegatingMethodAccessorImpl.java:43)
		at java.lang.reflect.Method.invoke(Method.java:497)
		at org.apache.catalina.startup.Bootstrap.load(Bootstrap.java:305)
		at org.apache.catalina.startup.Bootstrap.main(Bootstrap.java:475)
	Caused by: java.net.BindException: Address already in use: bind
		at sun.nio.ch.Net.bind0(Native Method)
		at sun.nio.ch.Net.bind(Net.java:433)
		at sun.nio.ch.Net.bind(Net.java:425)
		at sun.nio.ch.ServerSocketChannelImpl.bind(ServerSocketChannelImpl.java:223)
		at sun.nio.ch.ServerSocketAdaptor.bind(ServerSocketAdaptor.java:74)
		at org.apache.tomcat.util.net.NioEndpoint.initServerSocket(NioEndpoint.java:224)
		at org.apache.tomcat.util.net.NioEndpoint.bind(NioEndpoint.java:200)
		at org.apache.tomcat.util.net.AbstractEndpoint.bindWithCleanup(AbstractEndpoint.java:1221)
		at org.apache.tomcat.util.net.AbstractEndpoint.init(AbstractEndpoint.java:1234)
		at org.apache.tomcat.util.net.AbstractJsseEndpoint.init(AbstractJsseEndpoint.java:230)
		at org.apache.coyote.AbstractProtocol.init(AbstractProtocol.java:633)
		at org.apache.coyote.http11.AbstractHttp11Protocol.init(AbstractHttp11Protocol.java:80)
		at org.apache.catalina.connector.Connector.initInternal(Connector.java:1111)
		... 13 more
12-Jan-2024 17:29:15.058 信息 [main] org.apache.catalina.startup.Catalina.load Initialization processed in 391 ms
12-Jan-2024 17:29:15.089 信息 [main] org.apache.catalina.core.StandardService.startInternal 正在启动服务[Catalina]
12-Jan-2024 17:29:15.089 信息 [main] org.apache.catalina.core.StandardEngine.startInternal 正在启动 Servlet 引擎：[Apache Tomcat/8.5.79]
12-Jan-2024 17:29:15.105 信息 [localhost-startStop-1] org.apache.catalina.startup.HostConfig.deployWAR 正在部署web应用程序存档文件[H:\学习记录\学习记录Markdown\tomcat原理\apache-tomcat-8.5.79\webapps\shell.war]
12-Jan-2024 17:29:16.012 警告 [localhost-startStop-1] org.apache.catalina.util.SessionIdGeneratorBase.createSecureRandom 使用[SHA1PRNG]创建会话ID生成的SecureRandom实例花费了[751]毫秒。
12-Jan-2024 17:29:16.012 信息 [localhost-startStop-1] org.apache.catalina.startup.HostConfig.deployWAR web应用程序存档文件[H:\学习记录\学习记录Markdown\tomcat原理\apache-tomcat-8.5.79\webapps\shell.war]的部署已在[907]ms内完成
12-Jan-2024 17:29:16.012 信息 [localhost-startStop-1] org.apache.catalina.startup.HostConfig.deployDirectory 把web 应用程序部署到目录 [H:\学习记录\学习记录Markdown\tomcat原理\apache-tomcat-8.5.79\webapps\docs]
12-Jan-2024 17:29:16.043 信息 [localhost-startStop-1] org.apache.catalina.startup.HostConfig.deployDirectory Web应用程序目录[H:\学习记录\学习记录Markdown\tomcat原理\apache-tomcat-8.5.79\webapps\docs]的部署已在[31]毫秒内完成
12-Jan-2024 17:29:16.043 信息 [localhost-startStop-1] org.apache.catalina.startup.HostConfig.deployDirectory 把web 应用程序部署到目录 [H:\学习记录\学习记录Markdown\tomcat原理\apache-tomcat-8.5.79\webapps\examples]
12-Jan-2024 17:29:16.278 信息 [localhost-startStop-1] org.apache.catalina.startup.HostConfig.deployDirectory Web应用程序目录[H:\学习记录\学习记录Markdown\tomcat原理\apache-tomcat-8.5.79\webapps\examples]的部署已在[235]毫秒内完成
12-Jan-2024 17:29:16.278 信息 [localhost-startStop-1] org.apache.catalina.startup.HostConfig.deployDirectory 把web 应用程序部署到目录 [H:\学习记录\学习记录Markdown\tomcat原理\apache-tomcat-8.5.79\webapps\host-manager]
12-Jan-2024 17:29:16.310 信息 [localhost-startStop-1] org.apache.catalina.startup.HostConfig.deployDirectory Web应用程序目录[H:\学习记录\学习记录Markdown\tomcat原理\apache-tomcat-8.5.79\webapps\host-manager]的部署已在[32]毫秒内完成
12-Jan-2024 17:29:16.310 信息 [localhost-startStop-1] org.apache.catalina.startup.HostConfig.deployDirectory 把web 应用程序部署到目录 [H:\学习记录\学习记录Markdown\tomcat原理\apache-tomcat-8.5.79\webapps\manager]
12-Jan-2024 17:29:16.325 信息 [localhost-startStop-1] org.apache.catalina.startup.HostConfig.deployDirectory Web应用程序目录[H:\学习记录\学习记录Markdown\tomcat原理\apache-tomcat-8.5.79\webapps\manager]的部署已在[15]毫秒内完成
12-Jan-2024 17:29:16.325 信息 [localhost-startStop-1] org.apache.catalina.startup.HostConfig.deployDirectory 把web 应用程序部署到目录 [H:\学习记录\学习记录Markdown\tomcat原理\apache-tomcat-8.5.79\webapps\ROOT]
12-Jan-2024 17:29:16.341 信息 [localhost-startStop-1] org.apache.catalina.startup.HostConfig.deployDirectory Web应用程序目录[H:\学习记录\学习记录Markdown\tomcat原理\apache-tomcat-8.5.79\webapps\ROOT]的部署已在[16]毫秒内完成
12-Jan-2024 17:29:16.341 信息 [localhost-startStop-1] org.apache.catalina.startup.HostConfig.deployDirectory 把web 应用程序部署到目录 [H:\学习记录\学习记录Markdown\tomcat原理\apache-tomcat-8.5.79\webapps\samples_web_war]
12-Jan-2024 17:29:16.544 信息 [localhost-startStop-1] org.apache.jasper.servlet.TldScanner.scanJars 至少有一个JAR被扫描用于TLD但尚未包含TLD。 为此记录器启用调试日志记录，以获取已扫描但未在其中找到TLD的完整JAR列表。 在扫描期间跳过不需要的JAR可以缩短启动时间和JSP编译时间。
12-Jan-2024 17:29:16.904 信息 [localhost-startStop-1] org.apache.catalina.startup.HostConfig.deployDirectory Web应用程序目录[H:\学习记录\学习记录Markdown\tomcat原理\apache-tomcat-8.5.79\webapps\samples_web_war]的部署已在[563]毫秒内完成
12-Jan-2024 17:29:16.904 信息 [main] org.apache.catalina.startup.Catalina.start Server startup in 1840 ms
12-Jan-2024 17:29:37.045 信息 [Thread-3] org.apache.coyote.AbstractProtocol.pause 暂停ProtocolHandler["http-nio-8080"]
12-Jan-2024 17:29:37.045 信息 [Thread-3] org.apache.catalina.core.StandardService.stopInternal 正在停止服务[Catalina]
12-Jan-2024 17:29:37.077 信息 [Thread-3] org.apache.coyote.AbstractProtocol.stop 正在停止ProtocolHandler ["http-nio-8080"]
12-Jan-2024 17:29:37.077 信息 [Thread-3] org.apache.coyote.AbstractProtocol.destroy 正在摧毁协议处理器 ["http-nio-8080"]
12-Jan-2024 17:31:08.975 信息 [main] org.apache.catalina.startup.VersionLoggerListener.log Server.服务器版本: Apache Tomcat/8.5.79
12-Jan-2024 17:31:08.990 信息 [main] org.apache.catalina.startup.VersionLoggerListener.log 服务器构建:        May 16 2022 15:36:23 UTC
12-Jan-2024 17:31:08.990 信息 [main] org.apache.catalina.startup.VersionLoggerListener.log 服务器版本号:      8.5.79.0
12-Jan-2024 17:31:08.990 信息 [main] org.apache.catalina.startup.VersionLoggerListener.log 操作系统名称:      Windows 10
12-Jan-2024 17:31:08.990 信息 [main] org.apache.catalina.startup.VersionLoggerListener.log OS.版本:           10.0
12-Jan-2024 17:31:08.990 信息 [main] org.apache.catalina.startup.VersionLoggerListener.log 架构:              amd64
12-Jan-2024 17:31:08.990 信息 [main] org.apache.catalina.startup.VersionLoggerListener.log Java 环境变量:     D:\jdk8u65\jre
12-Jan-2024 17:31:08.990 信息 [main] org.apache.catalina.startup.VersionLoggerListener.log Java虚拟机版本:    1.8.0_65-b17
12-Jan-2024 17:31:08.990 信息 [main] org.apache.catalina.startup.VersionLoggerListener.log JVM.供应商:        Oracle Corporation
12-Jan-2024 17:31:08.990 信息 [main] org.apache.catalina.startup.VersionLoggerListener.log CATALINA_BASE:     H:\学习记录\学习记录Markdown\tomcat原理\apache-tomcat-8.5.79
12-Jan-2024 17:31:08.990 信息 [main] org.apache.catalina.startup.VersionLoggerListener.log CATALINA_HOME:     H:\学习记录\学习记录Markdown\tomcat原理\apache-tomcat-8.5.79
12-Jan-2024 17:31:08.990 信息 [main] org.apache.catalina.startup.VersionLoggerListener.log 命令行参数：       -Djava.util.logging.config.file=H:\学习记录\学习记录Markdown\tomcat原理\apache-tomcat-8.5.79\conf\logging.properties
12-Jan-2024 17:31:08.990 信息 [main] org.apache.catalina.startup.VersionLoggerListener.log 命令行参数：       -Djava.util.logging.manager=org.apache.juli.ClassLoaderLogManager
12-Jan-2024 17:31:08.990 信息 [main] org.apache.catalina.startup.VersionLoggerListener.log 命令行参数：       -Djdk.tls.ephemeralDHKeySize=2048
12-Jan-2024 17:31:08.990 信息 [main] org.apache.catalina.startup.VersionLoggerListener.log 命令行参数：       -Djava.protocol.handler.pkgs=org.apache.catalina.webresources
12-Jan-2024 17:31:08.990 信息 [main] org.apache.catalina.startup.VersionLoggerListener.log 命令行参数：       -Dignore.endorsed.dirs=
12-Jan-2024 17:31:08.990 信息 [main] org.apache.catalina.startup.VersionLoggerListener.log 命令行参数：       -Dcatalina.base=H:\学习记录\学习记录Markdown\tomcat原理\apache-tomcat-8.5.79
12-Jan-2024 17:31:08.990 信息 [main] org.apache.catalina.startup.VersionLoggerListener.log 命令行参数：       -Dcatalina.home=H:\学习记录\学习记录Markdown\tomcat原理\apache-tomcat-8.5.79
12-Jan-2024 17:31:08.990 信息 [main] org.apache.catalina.startup.VersionLoggerListener.log 命令行参数：       -Djava.io.tmpdir=H:\学习记录\学习记录Markdown\tomcat原理\apache-tomcat-8.5.79\temp
12-Jan-2024 17:31:08.990 信息 [main] org.apache.catalina.core.AprLifecycleListener.lifecycleEvent 使用APR版本[1.7.0]加载了基于APR的Apache Tomcat本机库[1.2.33]。
12-Jan-2024 17:31:08.990 信息 [main] org.apache.catalina.core.AprLifecycleListener.lifecycleEvent APR功能：IPv6[true]、sendfile[true]、accept filters[false]、random[true]、UDS [{4}]。
12-Jan-2024 17:31:08.990 信息 [main] org.apache.catalina.core.AprLifecycleListener.lifecycleEvent APR/OpenSSL配置：useAprConnector[false]，useOpenSSL[true]
12-Jan-2024 17:31:08.990 信息 [main] org.apache.catalina.core.AprLifecycleListener.initializeSSL OpenSSL成功初始化 [OpenSSL 1.1.1o  3 May 2022]
12-Jan-2024 17:31:09.084 信息 [main] org.apache.coyote.AbstractProtocol.init 初始化协议处理器 ["http-nio-8081"]
12-Jan-2024 17:31:09.100 信息 [main] org.apache.catalina.startup.Catalina.load Initialization processed in 396 ms
12-Jan-2024 17:31:09.131 信息 [main] org.apache.catalina.core.StandardService.startInternal 正在启动服务[Catalina]
12-Jan-2024 17:31:09.131 信息 [main] org.apache.catalina.core.StandardEngine.startInternal 正在启动 Servlet 引擎：[Apache Tomcat/8.5.79]
12-Jan-2024 17:31:09.147 信息 [localhost-startStop-1] org.apache.catalina.startup.HostConfig.deployWAR 正在部署web应用程序存档文件[H:\学习记录\学习记录Markdown\tomcat原理\apache-tomcat-8.5.79\webapps\shell.war]
12-Jan-2024 17:31:10.053 警告 [localhost-startStop-1] org.apache.catalina.util.SessionIdGeneratorBase.createSecureRandom 使用[SHA1PRNG]创建会话ID生成的SecureRandom实例花费了[765]毫秒。
12-Jan-2024 17:31:10.069 信息 [localhost-startStop-1] org.apache.catalina.startup.HostConfig.deployWAR web应用程序存档文件[H:\学习记录\学习记录Markdown\tomcat原理\apache-tomcat-8.5.79\webapps\shell.war]的部署已在[938]ms内完成
12-Jan-2024 17:31:10.069 信息 [localhost-startStop-1] org.apache.catalina.startup.HostConfig.deployDirectory 把web 应用程序部署到目录 [H:\学习记录\学习记录Markdown\tomcat原理\apache-tomcat-8.5.79\webapps\docs]
12-Jan-2024 17:31:10.085 信息 [localhost-startStop-1] org.apache.catalina.startup.HostConfig.deployDirectory Web应用程序目录[H:\学习记录\学习记录Markdown\tomcat原理\apache-tomcat-8.5.79\webapps\docs]的部署已在[16]毫秒内完成
12-Jan-2024 17:31:10.085 信息 [localhost-startStop-1] org.apache.catalina.startup.HostConfig.deployDirectory 把web 应用程序部署到目录 [H:\学习记录\学习记录Markdown\tomcat原理\apache-tomcat-8.5.79\webapps\examples]
12-Jan-2024 17:31:10.335 信息 [localhost-startStop-1] org.apache.catalina.startup.HostConfig.deployDirectory Web应用程序目录[H:\学习记录\学习记录Markdown\tomcat原理\apache-tomcat-8.5.79\webapps\examples]的部署已在[250]毫秒内完成
12-Jan-2024 17:31:10.335 信息 [localhost-startStop-1] org.apache.catalina.startup.HostConfig.deployDirectory 把web 应用程序部署到目录 [H:\学习记录\学习记录Markdown\tomcat原理\apache-tomcat-8.5.79\webapps\host-manager]
12-Jan-2024 17:31:10.350 信息 [localhost-startStop-1] org.apache.catalina.startup.HostConfig.deployDirectory Web应用程序目录[H:\学习记录\学习记录Markdown\tomcat原理\apache-tomcat-8.5.79\webapps\host-manager]的部署已在[15]毫秒内完成
12-Jan-2024 17:31:10.350 信息 [localhost-startStop-1] org.apache.catalina.startup.HostConfig.deployDirectory 把web 应用程序部署到目录 [H:\学习记录\学习记录Markdown\tomcat原理\apache-tomcat-8.5.79\webapps\manager]
12-Jan-2024 17:31:10.382 信息 [localhost-startStop-1] org.apache.catalina.startup.HostConfig.deployDirectory Web应用程序目录[H:\学习记录\学习记录Markdown\tomcat原理\apache-tomcat-8.5.79\webapps\manager]的部署已在[32]毫秒内完成
12-Jan-2024 17:31:10.382 信息 [localhost-startStop-1] org.apache.catalina.startup.HostConfig.deployDirectory 把web 应用程序部署到目录 [H:\学习记录\学习记录Markdown\tomcat原理\apache-tomcat-8.5.79\webapps\ROOT]
12-Jan-2024 17:31:10.397 信息 [localhost-startStop-1] org.apache.catalina.startup.HostConfig.deployDirectory Web应用程序目录[H:\学习记录\学习记录Markdown\tomcat原理\apache-tomcat-8.5.79\webapps\ROOT]的部署已在[15]毫秒内完成
12-Jan-2024 17:31:10.397 信息 [localhost-startStop-1] org.apache.catalina.startup.HostConfig.deployDirectory 把web 应用程序部署到目录 [H:\学习记录\学习记录Markdown\tomcat原理\apache-tomcat-8.5.79\webapps\samples_web_war]
12-Jan-2024 17:31:10.585 信息 [localhost-startStop-1] org.apache.jasper.servlet.TldScanner.scanJars 至少有一个JAR被扫描用于TLD但尚未包含TLD。 为此记录器启用调试日志记录，以获取已扫描但未在其中找到TLD的完整JAR列表。 在扫描期间跳过不需要的JAR可以缩短启动时间和JSP编译时间。
12-Jan-2024 17:31:10.960 信息 [localhost-startStop-1] org.apache.catalina.startup.HostConfig.deployDirectory Web应用程序目录[H:\学习记录\学习记录Markdown\tomcat原理\apache-tomcat-8.5.79\webapps\samples_web_war]的部署已在[563]毫秒内完成
12-Jan-2024 17:31:10.960 信息 [main] org.apache.coyote.AbstractProtocol.start 开始协议处理句柄["http-nio-8081"]
12-Jan-2024 17:31:11.195 信息 [main] org.apache.catalina.startup.Catalina.start Server startup in 2094 ms
12-Jan-2024 17:31:55.647 信息 [Thread-3] org.apache.coyote.AbstractProtocol.pause 暂停ProtocolHandler["http-nio-8081"]
12-Jan-2024 17:31:56.352 信息 [Thread-3] org.apache.catalina.core.StandardService.stopInternal 正在停止服务[Catalina]
12-Jan-2024 17:31:56.414 信息 [Thread-3] org.apache.coyote.AbstractProtocol.stop 正在停止ProtocolHandler ["http-nio-8081"]
12-Jan-2024 17:31:56.430 信息 [Thread-3] org.apache.coyote.AbstractProtocol.destroy 正在摧毁协议处理器 ["http-nio-8081"]
12-Jan-2024 17:31:57.704 信息 [main] org.apache.catalina.startup.VersionLoggerListener.log Server.服务器版本: Apache Tomcat/8.5.79
12-Jan-2024 17:31:57.704 信息 [main] org.apache.catalina.startup.VersionLoggerListener.log 服务器构建:        May 16 2022 15:36:23 UTC
12-Jan-2024 17:31:57.704 信息 [main] org.apache.catalina.startup.VersionLoggerListener.log 服务器版本号:      8.5.79.0
12-Jan-2024 17:31:57.704 信息 [main] org.apache.catalina.startup.VersionLoggerListener.log 操作系统名称:      Windows 10
12-Jan-2024 17:31:57.704 信息 [main] org.apache.catalina.startup.VersionLoggerListener.log OS.版本:           10.0
12-Jan-2024 17:31:57.704 信息 [main] org.apache.catalina.startup.VersionLoggerListener.log 架构:              amd64
12-Jan-2024 17:31:57.704 信息 [main] org.apache.catalina.startup.VersionLoggerListener.log Java 环境变量:     D:\jdk8u65\jre
12-Jan-2024 17:31:57.704 信息 [main] org.apache.catalina.startup.VersionLoggerListener.log Java虚拟机版本:    1.8.0_65-b17
12-Jan-2024 17:31:57.704 信息 [main] org.apache.catalina.startup.VersionLoggerListener.log JVM.供应商:        Oracle Corporation
12-Jan-2024 17:31:57.704 信息 [main] org.apache.catalina.startup.VersionLoggerListener.log CATALINA_BASE:     H:\学习记录\学习记录Markdown\tomcat原理\apache-tomcat-8.5.79
12-Jan-2024 17:31:57.704 信息 [main] org.apache.catalina.startup.VersionLoggerListener.log CATALINA_HOME:     H:\学习记录\学习记录Markdown\tomcat原理\apache-tomcat-8.5.79
12-Jan-2024 17:31:57.704 信息 [main] org.apache.catalina.startup.VersionLoggerListener.log 命令行参数：       -Djava.util.logging.config.file=H:\学习记录\学习记录Markdown\tomcat原理\apache-tomcat-8.5.79\conf\logging.properties
12-Jan-2024 17:31:57.704 信息 [main] org.apache.catalina.startup.VersionLoggerListener.log 命令行参数：       -Djava.util.logging.manager=org.apache.juli.ClassLoaderLogManager
12-Jan-2024 17:31:57.704 信息 [main] org.apache.catalina.startup.VersionLoggerListener.log 命令行参数：       -Djdk.tls.ephemeralDHKeySize=2048
12-Jan-2024 17:31:57.704 信息 [main] org.apache.catalina.startup.VersionLoggerListener.log 命令行参数：       -Djava.protocol.handler.pkgs=org.apache.catalina.webresources
12-Jan-2024 17:31:57.704 信息 [main] org.apache.catalina.startup.VersionLoggerListener.log 命令行参数：       -Dignore.endorsed.dirs=
12-Jan-2024 17:31:57.704 信息 [main] org.apache.catalina.startup.VersionLoggerListener.log 命令行参数：       -Dcatalina.base=H:\学习记录\学习记录Markdown\tomcat原理\apache-tomcat-8.5.79
12-Jan-2024 17:31:57.704 信息 [main] org.apache.catalina.startup.VersionLoggerListener.log 命令行参数：       -Dcatalina.home=H:\学习记录\学习记录Markdown\tomcat原理\apache-tomcat-8.5.79
12-Jan-2024 17:31:57.704 信息 [main] org.apache.catalina.startup.VersionLoggerListener.log 命令行参数：       -Djava.io.tmpdir=H:\学习记录\学习记录Markdown\tomcat原理\apache-tomcat-8.5.79\temp
12-Jan-2024 17:31:57.704 信息 [main] org.apache.catalina.core.AprLifecycleListener.lifecycleEvent 使用APR版本[1.7.0]加载了基于APR的Apache Tomcat本机库[1.2.33]。
12-Jan-2024 17:31:57.704 信息 [main] org.apache.catalina.core.AprLifecycleListener.lifecycleEvent APR功能：IPv6[true]、sendfile[true]、accept filters[false]、random[true]、UDS [{4}]。
12-Jan-2024 17:31:57.704 信息 [main] org.apache.catalina.core.AprLifecycleListener.lifecycleEvent APR/OpenSSL配置：useAprConnector[false]，useOpenSSL[true]
12-Jan-2024 17:31:57.720 信息 [main] org.apache.catalina.core.AprLifecycleListener.initializeSSL OpenSSL成功初始化 [OpenSSL 1.1.1o  3 May 2022]
12-Jan-2024 17:31:57.798 信息 [main] org.apache.coyote.AbstractProtocol.init 初始化协议处理器 ["http-nio-8081"]
12-Jan-2024 17:31:57.813 信息 [main] org.apache.catalina.startup.Catalina.load Initialization processed in 382 ms
12-Jan-2024 17:31:57.845 信息 [main] org.apache.catalina.core.StandardService.startInternal 正在启动服务[Catalina]
12-Jan-2024 17:31:57.845 信息 [main] org.apache.catalina.core.StandardEngine.startInternal 正在启动 Servlet 引擎：[Apache Tomcat/8.5.79]
12-Jan-2024 17:31:57.860 信息 [localhost-startStop-1] org.apache.catalina.startup.HostConfig.deployWAR 正在部署web应用程序存档文件[H:\学习记录\学习记录Markdown\tomcat原理\apache-tomcat-8.5.79\webapps\shell.war]
12-Jan-2024 17:31:58.798 警告 [localhost-startStop-1] org.apache.catalina.util.SessionIdGeneratorBase.createSecureRandom 使用[SHA1PRNG]创建会话ID生成的SecureRandom实例花费了[781]毫秒。
12-Jan-2024 17:31:58.814 信息 [localhost-startStop-1] org.apache.catalina.startup.HostConfig.deployWAR web应用程序存档文件[H:\学习记录\学习记录Markdown\tomcat原理\apache-tomcat-8.5.79\webapps\shell.war]的部署已在[954]ms内完成
12-Jan-2024 17:31:58.814 信息 [localhost-startStop-1] org.apache.catalina.startup.HostConfig.deployDirectory 把web 应用程序部署到目录 [H:\学习记录\学习记录Markdown\tomcat原理\apache-tomcat-8.5.79\webapps\docs]
12-Jan-2024 17:31:58.830 信息 [localhost-startStop-1] org.apache.catalina.startup.HostConfig.deployDirectory Web应用程序目录[H:\学习记录\学习记录Markdown\tomcat原理\apache-tomcat-8.5.79\webapps\docs]的部署已在[16]毫秒内完成
12-Jan-2024 17:31:58.830 信息 [localhost-startStop-1] org.apache.catalina.startup.HostConfig.deployDirectory 把web 应用程序部署到目录 [H:\学习记录\学习记录Markdown\tomcat原理\apache-tomcat-8.5.79\webapps\examples]
12-Jan-2024 17:31:59.122 信息 [localhost-startStop-1] org.apache.catalina.startup.HostConfig.deployDirectory Web应用程序目录[H:\学习记录\学习记录Markdown\tomcat原理\apache-tomcat-8.5.79\webapps\examples]的部署已在[292]毫秒内完成
12-Jan-2024 17:31:59.122 信息 [localhost-startStop-1] org.apache.catalina.startup.HostConfig.deployDirectory 把web 应用程序部署到目录 [H:\学习记录\学习记录Markdown\tomcat原理\apache-tomcat-8.5.79\webapps\host-manager]
12-Jan-2024 17:31:59.135 信息 [localhost-startStop-1] org.apache.catalina.startup.HostConfig.deployDirectory Web应用程序目录[H:\学习记录\学习记录Markdown\tomcat原理\apache-tomcat-8.5.79\webapps\host-manager]的部署已在[13]毫秒内完成
12-Jan-2024 17:31:59.135 信息 [localhost-startStop-1] org.apache.catalina.startup.HostConfig.deployDirectory 把web 应用程序部署到目录 [H:\学习记录\学习记录Markdown\tomcat原理\apache-tomcat-8.5.79\webapps\manager]
12-Jan-2024 17:31:59.151 信息 [localhost-startStop-1] org.apache.catalina.startup.HostConfig.deployDirectory Web应用程序目录[H:\学习记录\学习记录Markdown\tomcat原理\apache-tomcat-8.5.79\webapps\manager]的部署已在[16]毫秒内完成
12-Jan-2024 17:31:59.151 信息 [localhost-startStop-1] org.apache.catalina.startup.HostConfig.deployDirectory 把web 应用程序部署到目录 [H:\学习记录\学习记录Markdown\tomcat原理\apache-tomcat-8.5.79\webapps\ROOT]
12-Jan-2024 17:31:59.182 信息 [localhost-startStop-1] org.apache.catalina.startup.HostConfig.deployDirectory Web应用程序目录[H:\学习记录\学习记录Markdown\tomcat原理\apache-tomcat-8.5.79\webapps\ROOT]的部署已在[31]毫秒内完成
12-Jan-2024 17:31:59.182 信息 [localhost-startStop-1] org.apache.catalina.startup.HostConfig.deployDirectory 把web 应用程序部署到目录 [H:\学习记录\学习记录Markdown\tomcat原理\apache-tomcat-8.5.79\webapps\samples_web_war]
12-Jan-2024 17:31:59.385 信息 [localhost-startStop-1] org.apache.jasper.servlet.TldScanner.scanJars 至少有一个JAR被扫描用于TLD但尚未包含TLD。 为此记录器启用调试日志记录，以获取已扫描但未在其中找到TLD的完整JAR列表。 在扫描期间跳过不需要的JAR可以缩短启动时间和JSP编译时间。
12-Jan-2024 17:31:59.753 信息 [localhost-startStop-1] org.apache.catalina.startup.HostConfig.deployDirectory Web应用程序目录[H:\学习记录\学习记录Markdown\tomcat原理\apache-tomcat-8.5.79\webapps\samples_web_war]的部署已在[571]毫秒内完成
12-Jan-2024 17:31:59.753 信息 [main] org.apache.coyote.AbstractProtocol.start 开始协议处理句柄["http-nio-8081"]
12-Jan-2024 17:31:59.802 信息 [main] org.apache.catalina.startup.Catalina.start Server startup in 1982 ms
12-Jan-2024 17:33:19.792 信息 [http-nio-8081-exec-10] org.apache.catalina.startup.HostConfig.deployWAR 正在部署web应用程序存档文件[H:\学习记录\学习记录Markdown\tomcat原理\apache-tomcat-8.5.79\webapps\fastjson.war]
12-Jan-2024 17:33:19.985 严重 [http-nio-8081-exec-10] org.apache.catalina.startup.ContextConfig.beforeStart 上下文[/fastjson]的异常修复docBase
	java.io.IOException: 无法创建文件[H:\学习记录\学习记录Markdown\tomcat原理\apache-tomcat-8.5.79\webapps\fastjson\META-INF\war-tracker]
		at org.apache.catalina.startup.ExpandWar.expand(ExpandWar.java:177)
		at org.apache.catalina.startup.ContextConfig.fixDocBase(ContextConfig.java:615)
		at org.apache.catalina.startup.ContextConfig.beforeStart(ContextConfig.java:752)
		at org.apache.catalina.startup.ContextConfig.lifecycleEvent(ContextConfig.java:301)
		at org.apache.catalina.util.LifecycleBase.fireLifecycleEvent(LifecycleBase.java:123)
		at org.apache.catalina.util.LifecycleBase.setStateInternal(LifecycleBase.java:423)
		at org.apache.catalina.util.LifecycleBase.start(LifecycleBase.java:182)
		at org.apache.catalina.core.ContainerBase.addChildInternal(ContainerBase.java:753)
		at org.apache.catalina.core.ContainerBase.addChild(ContainerBase.java:727)
		at org.apache.catalina.core.StandardHost.addChild(StandardHost.java:695)
		at org.apache.catalina.startup.HostConfig.deployWAR(HostConfig.java:1016)
		at org.apache.catalina.startup.HostConfig.deployApps(HostConfig.java:543)
		at org.apache.catalina.startup.HostConfig.check(HostConfig.java:1682)
		at sun.reflect.NativeMethodAccessorImpl.invoke0(Native Method)
		at sun.reflect.NativeMethodAccessorImpl.invoke(NativeMethodAccessorImpl.java:62)
		at sun.reflect.DelegatingMethodAccessorImpl.invoke(DelegatingMethodAccessorImpl.java:43)
		at java.lang.reflect.Method.invoke(Method.java:497)
		at org.apache.tomcat.util.modeler.BaseModelMBean.invoke(BaseModelMBean.java:291)
		at com.sun.jmx.interceptor.DefaultMBeanServerInterceptor.invoke(DefaultMBeanServerInterceptor.java:819)
		at com.sun.jmx.mbeanserver.JmxMBeanServer.invoke(JmxMBeanServer.java:801)
		at org.apache.catalina.manager.ManagerServlet.check(ManagerServlet.java:1583)
		at org.apache.catalina.manager.HTMLManagerServlet.upload(HTMLManagerServlet.java:287)
		at org.apache.catalina.manager.HTMLManagerServlet.doPost(HTMLManagerServlet.java:205)
		at javax.servlet.http.HttpServlet.service(HttpServlet.java:681)
		at javax.servlet.http.HttpServlet.service(HttpServlet.java:764)
		at org.apache.catalina.core.ApplicationFilterChain.internalDoFilter(ApplicationFilterChain.java:231)
		at org.apache.catalina.core.ApplicationFilterChain.doFilter(ApplicationFilterChain.java:166)
		at org.apache.catalina.filters.CsrfPreventionFilter.doFilter(CsrfPreventionFilter.java:203)
		at org.apache.catalina.core.ApplicationFilterChain.internalDoFilter(ApplicationFilterChain.java:193)
		at org.apache.catalina.core.ApplicationFilterChain.doFilter(ApplicationFilterChain.java:166)
		at org.apache.tomcat.websocket.server.WsFilter.doFilter(WsFilter.java:52)
		at org.apache.catalina.core.ApplicationFilterChain.internalDoFilter(ApplicationFilterChain.java:193)
		at org.apache.catalina.core.ApplicationFilterChain.doFilter(ApplicationFilterChain.java:166)
		at org.apache.catalina.filters.HttpHeaderSecurityFilter.doFilter(HttpHeaderSecurityFilter.java:126)
		at org.apache.catalina.core.ApplicationFilterChain.internalDoFilter(ApplicationFilterChain.java:193)
		at org.apache.catalina.core.ApplicationFilterChain.doFilter(ApplicationFilterChain.java:166)
		at org.apache.catalina.filters.SetCharacterEncodingFilter.doFilter(SetCharacterEncodingFilter.java:109)
		at org.apache.catalina.core.ApplicationFilterChain.internalDoFilter(ApplicationFilterChain.java:193)
		at org.apache.catalina.core.ApplicationFilterChain.doFilter(ApplicationFilterChain.java:166)
		at org.apache.catalina.core.StandardWrapperValve.invoke(StandardWrapperValve.java:197)
		at org.apache.catalina.core.StandardContextValve.invoke(StandardContextValve.java:97)
		at org.apache.catalina.authenticator.AuthenticatorBase.invoke(AuthenticatorBase.java:662)
		at org.apache.catalina.valves.RequestFilterValve.process(RequestFilterValve.java:378)
		at org.apache.catalina.valves.RemoteAddrValve.invoke(RemoteAddrValve.java:56)
		at org.apache.catalina.core.StandardHostValve.invoke(StandardHostValve.java:135)
		at org.apache.catalina.valves.ErrorReportValve.invoke(ErrorReportValve.java:92)
		at org.apache.catalina.valves.AbstractAccessLogValve.invoke(AbstractAccessLogValve.java:698)
		at org.apache.catalina.core.StandardEngineValve.invoke(StandardEngineValve.java:78)
		at org.apache.catalina.connector.CoyoteAdapter.service(CoyoteAdapter.java:367)
		at org.apache.coyote.http11.Http11Processor.service(Http11Processor.java:639)
		at org.apache.coyote.AbstractProcessorLight.process(AbstractProcessorLight.java:65)
		at org.apache.coyote.AbstractProtocol$ConnectionHandler.process(AbstractProtocol.java:882)
		at org.apache.tomcat.util.net.NioEndpoint$SocketProcessor.doRun(NioEndpoint.java:1647)
		at org.apache.tomcat.util.net.SocketProcessorBase.run(SocketProcessorBase.java:49)
		at org.apache.tomcat.util.threads.ThreadPoolExecutor.runWorker(ThreadPoolExecutor.java:1191)
		at org.apache.tomcat.util.threads.ThreadPoolExecutor$Worker.run(ThreadPoolExecutor.java:659)
		at org.apache.tomcat.util.threads.TaskThread$WrappingRunnable.run(TaskThread.java:61)
		at java.lang.Thread.run(Thread.java:745)
12-Jan-2024 17:33:20.496 信息 [http-nio-8081-exec-10] org.apache.jasper.servlet.TldScanner.scanJars 至少有一个JAR被扫描用于TLD但尚未包含TLD。 为此记录器启用调试日志记录，以获取已扫描但未在其中找到TLD的完整JAR列表。 在扫描期间跳过不需要的JAR可以缩短启动时间和JSP编译时间。
12-Jan-2024 17:33:20.613 信息 [http-nio-8081-exec-10] org.apache.catalina.startup.HostConfig.deployWAR web应用程序存档文件[H:\学习记录\学习记录Markdown\tomcat原理\apache-tomcat-8.5.79\webapps\fastjson.war]的部署已在[821]ms内完成
